-------------------------------------------------------------------------------
Test set: com.sg.guessthenumber.service.ServiceLayerTest
-------------------------------------------------------------------------------
Tests run: 5, Failures: 0, Errors: 5, Skipped: 0, Time elapsed: 0.193 s <<< FAILURE! - in com.sg.guessthenumber.service.ServiceLayerTest
testDetermineResult1(com.sg.guessthenumber.service.ServiceLayerTest)  Time elapsed: 0.119 s  <<< ERROR!
org.springframework.dao.DataIntegrityViolationException: PreparedStatementCallback; SQL [DELETE game from game WHERE game_id = ?]; Cannot delete or update a parent row: a foreign key constraint fails (`guessthenumberdbtest`.`round`, CONSTRAINT `round_ibfk_1` FOREIGN KEY (`game_id`) REFERENCES `game` (`game_Id`)); nested exception is java.sql.SQLIntegrityConstraintViolationException: Cannot delete or update a parent row: a foreign key constraint fails (`guessthenumberdbtest`.`round`, CONSTRAINT `round_ibfk_1` FOREIGN KEY (`game_id`) REFERENCES `game` (`game_Id`))
	at com.sg.guessthenumber.service.ServiceLayerTest.setUp(ServiceLayerTest.java:42)
Caused by: java.sql.SQLIntegrityConstraintViolationException: Cannot delete or update a parent row: a foreign key constraint fails (`guessthenumberdbtest`.`round`, CONSTRAINT `round_ibfk_1` FOREIGN KEY (`game_id`) REFERENCES `game` (`game_Id`))
	at com.sg.guessthenumber.service.ServiceLayerTest.setUp(ServiceLayerTest.java:42)

testDetermineResult2(com.sg.guessthenumber.service.ServiceLayerTest)  Time elapsed: 0.013 s  <<< ERROR!
org.springframework.dao.DataIntegrityViolationException: PreparedStatementCallback; SQL [DELETE game from game WHERE game_id = ?]; Cannot delete or update a parent row: a foreign key constraint fails (`guessthenumberdbtest`.`round`, CONSTRAINT `round_ibfk_1` FOREIGN KEY (`game_id`) REFERENCES `game` (`game_Id`)); nested exception is java.sql.SQLIntegrityConstraintViolationException: Cannot delete or update a parent row: a foreign key constraint fails (`guessthenumberdbtest`.`round`, CONSTRAINT `round_ibfk_1` FOREIGN KEY (`game_id`) REFERENCES `game` (`game_Id`))
	at com.sg.guessthenumber.service.ServiceLayerTest.setUp(ServiceLayerTest.java:42)
Caused by: java.sql.SQLIntegrityConstraintViolationException: Cannot delete or update a parent row: a foreign key constraint fails (`guessthenumberdbtest`.`round`, CONSTRAINT `round_ibfk_1` FOREIGN KEY (`game_id`) REFERENCES `game` (`game_Id`))
	at com.sg.guessthenumber.service.ServiceLayerTest.setUp(ServiceLayerTest.java:42)

testDetermineResult3(com.sg.guessthenumber.service.ServiceLayerTest)  Time elapsed: 0.009 s  <<< ERROR!
org.springframework.dao.DataIntegrityViolationException: PreparedStatementCallback; SQL [DELETE game from game WHERE game_id = ?]; Cannot delete or update a parent row: a foreign key constraint fails (`guessthenumberdbtest`.`round`, CONSTRAINT `round_ibfk_1` FOREIGN KEY (`game_id`) REFERENCES `game` (`game_Id`)); nested exception is java.sql.SQLIntegrityConstraintViolationException: Cannot delete or update a parent row: a foreign key constraint fails (`guessthenumberdbtest`.`round`, CONSTRAINT `round_ibfk_1` FOREIGN KEY (`game_id`) REFERENCES `game` (`game_Id`))
	at com.sg.guessthenumber.service.ServiceLayerTest.setUp(ServiceLayerTest.java:42)
Caused by: java.sql.SQLIntegrityConstraintViolationException: Cannot delete or update a parent row: a foreign key constraint fails (`guessthenumberdbtest`.`round`, CONSTRAINT `round_ibfk_1` FOREIGN KEY (`game_id`) REFERENCES `game` (`game_Id`))
	at com.sg.guessthenumber.service.ServiceLayerTest.setUp(ServiceLayerTest.java:42)

testDetermineResult4(com.sg.guessthenumber.service.ServiceLayerTest)  Time elapsed: 0.02 s  <<< ERROR!
org.springframework.dao.DataIntegrityViolationException: PreparedStatementCallback; SQL [DELETE game from game WHERE game_id = ?]; Cannot delete or update a parent row: a foreign key constraint fails (`guessthenumberdbtest`.`round`, CONSTRAINT `round_ibfk_1` FOREIGN KEY (`game_id`) REFERENCES `game` (`game_Id`)); nested exception is java.sql.SQLIntegrityConstraintViolationException: Cannot delete or update a parent row: a foreign key constraint fails (`guessthenumberdbtest`.`round`, CONSTRAINT `round_ibfk_1` FOREIGN KEY (`game_id`) REFERENCES `game` (`game_Id`))
	at com.sg.guessthenumber.service.ServiceLayerTest.setUp(ServiceLayerTest.java:42)
Caused by: java.sql.SQLIntegrityConstraintViolationException: Cannot delete or update a parent row: a foreign key constraint fails (`guessthenumberdbtest`.`round`, CONSTRAINT `round_ibfk_1` FOREIGN KEY (`game_id`) REFERENCES `game` (`game_Id`))
	at com.sg.guessthenumber.service.ServiceLayerTest.setUp(ServiceLayerTest.java:42)

testDetermineResult5(com.sg.guessthenumber.service.ServiceLayerTest)  Time elapsed: 0.013 s  <<< ERROR!
org.springframework.dao.DataIntegrityViolationException: PreparedStatementCallback; SQL [DELETE game from game WHERE game_id = ?]; Cannot delete or update a parent row: a foreign key constraint fails (`guessthenumberdbtest`.`round`, CONSTRAINT `round_ibfk_1` FOREIGN KEY (`game_id`) REFERENCES `game` (`game_Id`)); nested exception is java.sql.SQLIntegrityConstraintViolationException: Cannot delete or update a parent row: a foreign key constraint fails (`guessthenumberdbtest`.`round`, CONSTRAINT `round_ibfk_1` FOREIGN KEY (`game_id`) REFERENCES `game` (`game_Id`))
	at com.sg.guessthenumber.service.ServiceLayerTest.setUp(ServiceLayerTest.java:42)
Caused by: java.sql.SQLIntegrityConstraintViolationException: Cannot delete or update a parent row: a foreign key constraint fails (`guessthenumberdbtest`.`round`, CONSTRAINT `round_ibfk_1` FOREIGN KEY (`game_id`) REFERENCES `game` (`game_Id`))
	at com.sg.guessthenumber.service.ServiceLayerTest.setUp(ServiceLayerTest.java:42)

