<?xml version="1.0" encoding="UTF-8"?>
<testsuite xmlns:xsi="http://www.w3.org/2001/XMLSchema-instance" xsi:noNamespaceSchemaLocation="https://maven.apache.org/surefire/maven-surefire-plugin/xsd/surefire-test-report.xsd" name="com.sg.guessthenumber.dao.GameDaoDBTest" time="6.9" tests="3" errors="3" skipped="0" failures="0">
  <properties>
[...]
</properties>
  <testcase name="testGetAllGames" classname="com.sg.guessthenumber.dao.GameDaoDBTest" time="1.024">
    <error message="PreparedStatementCallback; SQL [DELETE game from game WHERE game_id = ?]; Cannot delete or update a parent row: a foreign key constraint fails (`guessthenumberdbtest`.`round`, CONSTRAINT `round_ibfk_1` FOREIGN KEY (`game_id`) REFERENCES `game` (`game_Id`)); nested exception is java.sql.SQLIntegrityConstraintViolationException: Cannot delete or update a parent row: a foreign key constraint fails (`guessthenumberdbtest`.`round`, CONSTRAINT `round_ibfk_1` FOREIGN KEY (`game_id`) REFERENCES `game` (`game_Id`))" type="org.springframework.dao.DataIntegrityViolationException">org.springframework.dao.DataIntegrityViolationException: PreparedStatementCallback; SQL [DELETE game from game WHERE game_id = ?]; Cannot delete or update a parent row: a foreign key constraint fails (`guessthenumberdbtest`.`round`, CONSTRAINT `round_ibfk_1` FOREIGN KEY (`game_id`) REFERENCES `game` (`game_Id`)); nested exception is java.sql.SQLIntegrityConstraintViolationException: Cannot delete or update a parent row: a foreign key constraint fails (`guessthenumberdbtest`.`round`, CONSTRAINT `round_ibfk_1` FOREIGN KEY (`game_id`) REFERENCES `game` (`game_Id`))
	at com.sg.guessthenumber.dao.GameDaoDBTest.setup(GameDaoDBTest.java:42)
Caused by: java.sql.SQLIntegrityConstraintViolationException: Cannot delete or update a parent row: a foreign key constraint fails (`guessthenumberdbtest`.`round`, CONSTRAINT `round_ibfk_1` FOREIGN KEY (`game_id`) REFERENCES `game` (`game_Id`))
	at com.sg.guessthenumber.dao.GameDaoDBTest.setup(GameDaoDBTest.java:42)
</error>
    <system-out><![CDATA[21:04:28.761 [main] DEBUG org.springframework.test.context.junit4.SpringJUnit4ClassRunner - SpringJUnit4ClassRunner constructor called with [class com.sg.guessthenumber.dao.GameDaoDBTest]
21:04:28.766 [main] DEBUG org.springframework.test.context.BootstrapUtils - Instantiating CacheAwareContextLoaderDelegate from class [org.springframework.test.context.cache.DefaultCacheAwareContextLoaderDelegate]
21:04:28.776 [main] DEBUG org.springframework.test.context.BootstrapUtils - Instantiating BootstrapContext using constructor [public org.springframework.test.context.support.DefaultBootstrapContext(java.lang.Class,org.springframework.test.context.CacheAwareContextLoaderDelegate)]
21:04:28.796 [main] DEBUG org.springframework.test.context.BootstrapUtils - Instantiating TestContextBootstrapper for test class [com.sg.guessthenumber.dao.GameDaoDBTest] from class [org.springframework.boot.test.context.SpringBootTestContextBootstrapper]
21:04:28.808 [main] INFO org.springframework.boot.test.context.SpringBootTestContextBootstrapper - Neither @ContextConfiguration nor @ContextHierarchy found for test class [com.sg.guessthenumber.dao.GameDaoDBTest], using SpringBootContextLoader
21:04:28.813 [main] DEBUG org.springframework.test.context.support.AbstractContextLoader - Did not detect default resource location for test class [com.sg.guessthenumber.dao.GameDaoDBTest]: class path resource [com/sg/guessthenumber/dao/GameDaoDBTest-context.xml] does not exist
21:04:28.814 [main] DEBUG org.springframework.test.context.support.AbstractContextLoader - Did not detect default resource location for test class [com.sg.guessthenumber.dao.GameDaoDBTest]: class path resource [com/sg/guessthenumber/dao/GameDaoDBTestContext.groovy] does not exist
21:04:28.814 [main] INFO org.springframework.test.context.support.AbstractContextLoader - Could not detect default resource locations for test class [com.sg.guessthenumber.dao.GameDaoDBTest]: no resource found for suffixes {-context.xml, Context.groovy}.
21:04:28.815 [main] INFO org.springframework.test.context.support.AnnotationConfigContextLoaderUtils - Could not detect default configuration classes for test class [com.sg.guessthenumber.dao.GameDaoDBTest]: GameDaoDBTest does not declare any static, non-private, non-final, nested classes annotated with @Configuration.
21:04:28.878 [main] DEBUG org.springframework.test.context.support.ActiveProfilesUtils - Could not find an 'annotation declaring class' for annotation type [org.springframework.test.context.ActiveProfiles] and class [com.sg.guessthenumber.dao.GameDaoDBTest]
21:04:28.995 [main] DEBUG org.springframework.context.annotation.ClassPathScanningCandidateComponentProvider - Identified candidate component class: file [C:\Users\TJ\Documents\NetBeansProjects\GuessTheNumber\target\classes\com\sg\guessthenumber\App.class]
21:04:29.000 [main] INFO org.springframework.boot.test.context.SpringBootTestContextBootstrapper - Found @SpringBootConfiguration com.sg.guessthenumber.App for test class com.sg.guessthenumber.dao.GameDaoDBTest
21:04:29.113 [main] DEBUG org.springframework.boot.test.context.SpringBootTestContextBootstrapper - @TestExecutionListeners is not present for class [com.sg.guessthenumber.dao.GameDaoDBTest]: using defaults.
21:04:29.114 [main] INFO org.springframework.boot.test.context.SpringBootTestContextBootstrapper - Loaded default TestExecutionListener class names from location [META-INF/spring.factories]: [org.springframework.boot.test.mock.mockito.MockitoTestExecutionListener, org.springframework.boot.test.mock.mockito.ResetMocksTestExecutionListener, org.springframework.boot.test.autoconfigure.restdocs.RestDocsTestExecutionListener, org.springframework.boot.test.autoconfigure.web.client.MockRestServiceServerResetTestExecutionListener, org.springframework.boot.test.autoconfigure.web.servlet.MockMvcPrintOnlyOnFailureTestExecutionListener, org.springframework.boot.test.autoconfigure.web.servlet.WebDriverTestExecutionListener, org.springframework.test.context.web.ServletTestExecutionListener, org.springframework.test.context.support.DirtiesContextBeforeModesTestExecutionListener, org.springframework.test.context.support.DependencyInjectionTestExecutionListener, org.springframework.test.context.support.DirtiesContextTestExecutionListener, org.springframework.test.context.transaction.TransactionalTestExecutionListener, org.springframework.test.context.jdbc.SqlScriptsTestExecutionListener]
21:04:29.138 [main] INFO org.springframework.boot.test.context.SpringBootTestContextBootstrapper - Using TestExecutionListeners: [org.springframework.test.context.web.ServletTestExecutionListener@69e153c5, org.springframework.test.context.support.DirtiesContextBeforeModesTestExecutionListener@173ed316, org.springframework.boot.test.mock.mockito.MockitoTestExecutionListener@25ce9dc4, org.springframework.boot.test.autoconfigure.SpringBootDependencyInjectionTestExecutionListener@74ea2410, org.springframework.test.context.support.DirtiesContextTestExecutionListener@17f62e33, org.springframework.test.context.transaction.TransactionalTestExecutionListener@76b1e9b8, org.springframework.test.context.jdbc.SqlScriptsTestExecutionListener@27406a17, org.springframework.boot.test.mock.mockito.ResetMocksTestExecutionListener@2af004b, org.springframework.boot.test.autoconfigure.restdocs.RestDocsTestExecutionListener@248e319b, org.springframework.boot.test.autoconfigure.web.client.MockRestServiceServerResetTestExecutionListener@5d0bf09b, org.springframework.boot.test.autoconfigure.web.servlet.MockMvcPrintOnlyOnFailureTestExecutionListener@793f29ff, org.springframework.boot.test.autoconfigure.web.servlet.WebDriverTestExecutionListener@3e8c3cb]
21:04:29.143 [main] DEBUG org.springframework.test.annotation.ProfileValueUtils - Retrieved @ProfileValueSourceConfiguration [null] for test class [com.sg.guessthenumber.dao.GameDaoDBTest]
21:04:29.144 [main] DEBUG org.springframework.test.annotation.ProfileValueUtils - Retrieved ProfileValueSource type [class org.springframework.test.annotation.SystemProfileValueSource] for class [com.sg.guessthenumber.dao.GameDaoDBTest]
21:04:29.146 [main] DEBUG org.springframework.test.annotation.ProfileValueUtils - Retrieved @ProfileValueSourceConfiguration [null] for test class [com.sg.guessthenumber.dao.GameDaoDBTest]
21:04:29.146 [main] DEBUG org.springframework.test.annotation.ProfileValueUtils - Retrieved ProfileValueSource type [class org.springframework.test.annotation.SystemProfileValueSource] for class [com.sg.guessthenumber.dao.GameDaoDBTest]
21:04:29.147 [main] DEBUG org.springframework.test.annotation.ProfileValueUtils - Retrieved @ProfileValueSourceConfiguration [null] for test class [com.sg.guessthenumber.dao.GameDaoDBTest]
21:04:29.147 [main] DEBUG org.springframework.test.annotation.ProfileValueUtils - Retrieved ProfileValueSource type [class org.springframework.test.annotation.SystemProfileValueSource] for class [com.sg.guessthenumber.dao.GameDaoDBTest]
21:04:29.151 [main] DEBUG org.springframework.test.context.support.AbstractDirtiesContextTestExecutionListener - Before test class: context [DefaultTestContext@72cc7e6f testClass = GameDaoDBTest, testInstance = [null], testMethod = [null], testException = [null], mergedContextConfiguration = [WebMergedContextConfiguration@5afa3c9 testClass = GameDaoDBTest, locations = '{}', classes = '{class com.sg.guessthenumber.App}', contextInitializerClasses = '[]', activeProfiles = '{}', propertySourceLocations = '{}', propertySourceProperties = '{org.springframework.boot.test.context.SpringBootTestContextBootstrapper=true}', contextCustomizers = set[org.springframework.boot.test.context.filter.ExcludeFilterContextCustomizer@6e0dec4a, org.springframework.boot.test.json.DuplicateJsonObjectContextCustomizerFactory$DuplicateJsonObjectContextCustomizer@1ed1993a, org.springframework.boot.test.mock.mockito.MockitoContextCustomizer@0, org.springframework.boot.test.web.client.TestRestTemplateContextCustomizer@3aefe5e5, org.springframework.boot.test.autoconfigure.properties.PropertyMappingContextCustomizer@0, org.springframework.boot.test.autoconfigure.web.servlet.WebDriverContextCustomizerFactory$Customizer@61230f6a], resourceBasePath = 'src/main/webapp', contextLoader = 'org.springframework.boot.test.context.SpringBootContextLoader', parent = [null]], attributes = map['org.springframework.test.context.web.ServletTestExecutionListener.activateListener' -> true]], class annotated with @DirtiesContext [false] with mode [null].
21:04:29.151 [main] DEBUG org.springframework.test.annotation.ProfileValueUtils - Retrieved @ProfileValueSourceConfiguration [null] for test class [com.sg.guessthenumber.dao.GameDaoDBTest]
21:04:29.152 [main] DEBUG org.springframework.test.annotation.ProfileValueUtils - Retrieved ProfileValueSource type [class org.springframework.test.annotation.SystemProfileValueSource] for class [com.sg.guessthenumber.dao.GameDaoDBTest]
21:04:29.182 [main] DEBUG org.springframework.test.context.support.TestPropertySourceUtils - Adding inlined properties to environment: {spring.jmx.enabled=false, org.springframework.boot.test.context.SpringBootTestContextBootstrapper=true, server.port=-1}

  .   ____          _            __ _ _
 /\\ / ___'_ __ _ _(_)_ __  __ _ \ \ \ \
( ( )\___ | '_ | '_| | '_ \/ _` | \ \ \ \
 \\/  ___)| |_)| | | | | || (_| |  ) ) ) )
  '  |____| .__|_| |_|_| |_\__, | / / / /
 =========|_|==============|___/=/_/_/_/
 :: Spring Boot ::        (v2.1.8.RELEASE)

]]></system-out>
  </testcase>
  <testcase name="testUpdateGame" classname="com.sg.guessthenumber.dao.GameDaoDBTest" time="0.011">
    <error message="PreparedStatementCallback; SQL [DELETE game from game WHERE game_id = ?]; Cannot delete or update a parent row: a foreign key constraint fails (`guessthenumberdbtest`.`round`, CONSTRAINT `round_ibfk_1` FOREIGN KEY (`game_id`) REFERENCES `game` (`game_Id`)); nested exception is java.sql.SQLIntegrityConstraintViolationException: Cannot delete or update a parent row: a foreign key constraint fails (`guessthenumberdbtest`.`round`, CONSTRAINT `round_ibfk_1` FOREIGN KEY (`game_id`) REFERENCES `game` (`game_Id`))" type="org.springframework.dao.DataIntegrityViolationException">org.springframework.dao.DataIntegrityViolationException: PreparedStatementCallback; SQL [DELETE game from game WHERE game_id = ?]; Cannot delete or update a parent row: a foreign key constraint fails (`guessthenumberdbtest`.`round`, CONSTRAINT `round_ibfk_1` FOREIGN KEY (`game_id`) REFERENCES `game` (`game_Id`)); nested exception is java.sql.SQLIntegrityConstraintViolationException: Cannot delete or update a parent row: a foreign key constraint fails (`guessthenumberdbtest`.`round`, CONSTRAINT `round_ibfk_1` FOREIGN KEY (`game_id`) REFERENCES `game` (`game_Id`))
	at com.sg.guessthenumber.dao.GameDaoDBTest.setup(GameDaoDBTest.java:42)
Caused by: java.sql.SQLIntegrityConstraintViolationException: Cannot delete or update a parent row: a foreign key constraint fails (`guessthenumberdbtest`.`round`, CONSTRAINT `round_ibfk_1` FOREIGN KEY (`game_id`) REFERENCES `game` (`game_Id`))
	at com.sg.guessthenumber.dao.GameDaoDBTest.setup(GameDaoDBTest.java:42)
</error>
  </testcase>
  <testcase name="testAddGetGame" classname="com.sg.guessthenumber.dao.GameDaoDBTest" time="0.011">
    <error message="PreparedStatementCallback; SQL [DELETE game from game WHERE game_id = ?]; Cannot delete or update a parent row: a foreign key constraint fails (`guessthenumberdbtest`.`round`, CONSTRAINT `round_ibfk_1` FOREIGN KEY (`game_id`) REFERENCES `game` (`game_Id`)); nested exception is java.sql.SQLIntegrityConstraintViolationException: Cannot delete or update a parent row: a foreign key constraint fails (`guessthenumberdbtest`.`round`, CONSTRAINT `round_ibfk_1` FOREIGN KEY (`game_id`) REFERENCES `game` (`game_Id`))" type="org.springframework.dao.DataIntegrityViolationException">org.springframework.dao.DataIntegrityViolationException: PreparedStatementCallback; SQL [DELETE game from game WHERE game_id = ?]; Cannot delete or update a parent row: a foreign key constraint fails (`guessthenumberdbtest`.`round`, CONSTRAINT `round_ibfk_1` FOREIGN KEY (`game_id`) REFERENCES `game` (`game_Id`)); nested exception is java.sql.SQLIntegrityConstraintViolationException: Cannot delete or update a parent row: a foreign key constraint fails (`guessthenumberdbtest`.`round`, CONSTRAINT `round_ibfk_1` FOREIGN KEY (`game_id`) REFERENCES `game` (`game_Id`))
	at com.sg.guessthenumber.dao.GameDaoDBTest.setup(GameDaoDBTest.java:42)
Caused by: java.sql.SQLIntegrityConstraintViolationException: Cannot delete or update a parent row: a foreign key constraint fails (`guessthenumberdbtest`.`round`, CONSTRAINT `round_ibfk_1` FOREIGN KEY (`game_id`) REFERENCES `game` (`game_Id`))
	at com.sg.guessthenumber.dao.GameDaoDBTest.setup(GameDaoDBTest.java:42)
</error>
  </testcase>
</testsuite>