<?xml version="1.0" encoding="UTF-8"?>
<testsuite xmlns:xsi="http://www.w3.org/2001/XMLSchema-instance" xsi:noNamespaceSchemaLocation="https://maven.apache.org/surefire/maven-surefire-plugin/xsd/surefire-test-report.xsd" name="com.sg.guessthenumber.service.ServiceLayerTest" time="0.193" tests="5" errors="5" skipped="0" failures="0">
  <properties>
[...]
</properties>
  <testcase name="testDetermineResult1" classname="com.sg.guessthenumber.service.ServiceLayerTest" time="0.119">
    <error message="PreparedStatementCallback; SQL [DELETE game from game WHERE game_id = ?]; Cannot delete or update a parent row: a foreign key constraint fails (`guessthenumberdbtest`.`round`, CONSTRAINT `round_ibfk_1` FOREIGN KEY (`game_id`) REFERENCES `game` (`game_Id`)); nested exception is java.sql.SQLIntegrityConstraintViolationException: Cannot delete or update a parent row: a foreign key constraint fails (`guessthenumberdbtest`.`round`, CONSTRAINT `round_ibfk_1` FOREIGN KEY (`game_id`) REFERENCES `game` (`game_Id`))" type="org.springframework.dao.DataIntegrityViolationException">org.springframework.dao.DataIntegrityViolationException: PreparedStatementCallback; SQL [DELETE game from game WHERE game_id = ?]; Cannot delete or update a parent row: a foreign key constraint fails (`guessthenumberdbtest`.`round`, CONSTRAINT `round_ibfk_1` FOREIGN KEY (`game_id`) REFERENCES `game` (`game_Id`)); nested exception is java.sql.SQLIntegrityConstraintViolationException: Cannot delete or update a parent row: a foreign key constraint fails (`guessthenumberdbtest`.`round`, CONSTRAINT `round_ibfk_1` FOREIGN KEY (`game_id`) REFERENCES `game` (`game_Id`))
	at com.sg.guessthenumber.service.ServiceLayerTest.setUp(ServiceLayerTest.java:42)
Caused by: java.sql.SQLIntegrityConstraintViolationException: Cannot delete or update a parent row: a foreign key constraint fails (`guessthenumberdbtest`.`round`, CONSTRAINT `round_ibfk_1` FOREIGN KEY (`game_id`) REFERENCES `game` (`game_Id`))
	at com.sg.guessthenumber.service.ServiceLayerTest.setUp(ServiceLayerTest.java:42)
</error>
  </testcase>
  <testcase name="testDetermineResult2" classname="com.sg.guessthenumber.service.ServiceLayerTest" time="0.013">
    <error message="PreparedStatementCallback; SQL [DELETE game from game WHERE game_id = ?]; Cannot delete or update a parent row: a foreign key constraint fails (`guessthenumberdbtest`.`round`, CONSTRAINT `round_ibfk_1` FOREIGN KEY (`game_id`) REFERENCES `game` (`game_Id`)); nested exception is java.sql.SQLIntegrityConstraintViolationException: Cannot delete or update a parent row: a foreign key constraint fails (`guessthenumberdbtest`.`round`, CONSTRAINT `round_ibfk_1` FOREIGN KEY (`game_id`) REFERENCES `game` (`game_Id`))" type="org.springframework.dao.DataIntegrityViolationException">org.springframework.dao.DataIntegrityViolationException: PreparedStatementCallback; SQL [DELETE game from game WHERE game_id = ?]; Cannot delete or update a parent row: a foreign key constraint fails (`guessthenumberdbtest`.`round`, CONSTRAINT `round_ibfk_1` FOREIGN KEY (`game_id`) REFERENCES `game` (`game_Id`)); nested exception is java.sql.SQLIntegrityConstraintViolationException: Cannot delete or update a parent row: a foreign key constraint fails (`guessthenumberdbtest`.`round`, CONSTRAINT `round_ibfk_1` FOREIGN KEY (`game_id`) REFERENCES `game` (`game_Id`))
	at com.sg.guessthenumber.service.ServiceLayerTest.setUp(ServiceLayerTest.java:42)
Caused by: java.sql.SQLIntegrityConstraintViolationException: Cannot delete or update a parent row: a foreign key constraint fails (`guessthenumberdbtest`.`round`, CONSTRAINT `round_ibfk_1` FOREIGN KEY (`game_id`) REFERENCES `game` (`game_Id`))
	at com.sg.guessthenumber.service.ServiceLayerTest.setUp(ServiceLayerTest.java:42)
</error>
  </testcase>
  <testcase name="testDetermineResult3" classname="com.sg.guessthenumber.service.ServiceLayerTest" time="0.009">
    <error message="PreparedStatementCallback; SQL [DELETE game from game WHERE game_id = ?]; Cannot delete or update a parent row: a foreign key constraint fails (`guessthenumberdbtest`.`round`, CONSTRAINT `round_ibfk_1` FOREIGN KEY (`game_id`) REFERENCES `game` (`game_Id`)); nested exception is java.sql.SQLIntegrityConstraintViolationException: Cannot delete or update a parent row: a foreign key constraint fails (`guessthenumberdbtest`.`round`, CONSTRAINT `round_ibfk_1` FOREIGN KEY (`game_id`) REFERENCES `game` (`game_Id`))" type="org.springframework.dao.DataIntegrityViolationException">org.springframework.dao.DataIntegrityViolationException: PreparedStatementCallback; SQL [DELETE game from game WHERE game_id = ?]; Cannot delete or update a parent row: a foreign key constraint fails (`guessthenumberdbtest`.`round`, CONSTRAINT `round_ibfk_1` FOREIGN KEY (`game_id`) REFERENCES `game` (`game_Id`)); nested exception is java.sql.SQLIntegrityConstraintViolationException: Cannot delete or update a parent row: a foreign key constraint fails (`guessthenumberdbtest`.`round`, CONSTRAINT `round_ibfk_1` FOREIGN KEY (`game_id`) REFERENCES `game` (`game_Id`))
	at com.sg.guessthenumber.service.ServiceLayerTest.setUp(ServiceLayerTest.java:42)
Caused by: java.sql.SQLIntegrityConstraintViolationException: Cannot delete or update a parent row: a foreign key constraint fails (`guessthenumberdbtest`.`round`, CONSTRAINT `round_ibfk_1` FOREIGN KEY (`game_id`) REFERENCES `game` (`game_Id`))
	at com.sg.guessthenumber.service.ServiceLayerTest.setUp(ServiceLayerTest.java:42)
</error>
  </testcase>
  <testcase name="testDetermineResult4" classname="com.sg.guessthenumber.service.ServiceLayerTest" time="0.02">
    <error message="PreparedStatementCallback; SQL [DELETE game from game WHERE game_id = ?]; Cannot delete or update a parent row: a foreign key constraint fails (`guessthenumberdbtest`.`round`, CONSTRAINT `round_ibfk_1` FOREIGN KEY (`game_id`) REFERENCES `game` (`game_Id`)); nested exception is java.sql.SQLIntegrityConstraintViolationException: Cannot delete or update a parent row: a foreign key constraint fails (`guessthenumberdbtest`.`round`, CONSTRAINT `round_ibfk_1` FOREIGN KEY (`game_id`) REFERENCES `game` (`game_Id`))" type="org.springframework.dao.DataIntegrityViolationException">org.springframework.dao.DataIntegrityViolationException: PreparedStatementCallback; SQL [DELETE game from game WHERE game_id = ?]; Cannot delete or update a parent row: a foreign key constraint fails (`guessthenumberdbtest`.`round`, CONSTRAINT `round_ibfk_1` FOREIGN KEY (`game_id`) REFERENCES `game` (`game_Id`)); nested exception is java.sql.SQLIntegrityConstraintViolationException: Cannot delete or update a parent row: a foreign key constraint fails (`guessthenumberdbtest`.`round`, CONSTRAINT `round_ibfk_1` FOREIGN KEY (`game_id`) REFERENCES `game` (`game_Id`))
	at com.sg.guessthenumber.service.ServiceLayerTest.setUp(ServiceLayerTest.java:42)
Caused by: java.sql.SQLIntegrityConstraintViolationException: Cannot delete or update a parent row: a foreign key constraint fails (`guessthenumberdbtest`.`round`, CONSTRAINT `round_ibfk_1` FOREIGN KEY (`game_id`) REFERENCES `game` (`game_Id`))
	at com.sg.guessthenumber.service.ServiceLayerTest.setUp(ServiceLayerTest.java:42)
</error>
  </testcase>
  <testcase name="testDetermineResult5" classname="com.sg.guessthenumber.service.ServiceLayerTest" time="0.013">
    <error message="PreparedStatementCallback; SQL [DELETE game from game WHERE game_id = ?]; Cannot delete or update a parent row: a foreign key constraint fails (`guessthenumberdbtest`.`round`, CONSTRAINT `round_ibfk_1` FOREIGN KEY (`game_id`) REFERENCES `game` (`game_Id`)); nested exception is java.sql.SQLIntegrityConstraintViolationException: Cannot delete or update a parent row: a foreign key constraint fails (`guessthenumberdbtest`.`round`, CONSTRAINT `round_ibfk_1` FOREIGN KEY (`game_id`) REFERENCES `game` (`game_Id`))" type="org.springframework.dao.DataIntegrityViolationException">org.springframework.dao.DataIntegrityViolationException: PreparedStatementCallback; SQL [DELETE game from game WHERE game_id = ?]; Cannot delete or update a parent row: a foreign key constraint fails (`guessthenumberdbtest`.`round`, CONSTRAINT `round_ibfk_1` FOREIGN KEY (`game_id`) REFERENCES `game` (`game_Id`)); nested exception is java.sql.SQLIntegrityConstraintViolationException: Cannot delete or update a parent row: a foreign key constraint fails (`guessthenumberdbtest`.`round`, CONSTRAINT `round_ibfk_1` FOREIGN KEY (`game_id`) REFERENCES `game` (`game_Id`))
	at com.sg.guessthenumber.service.ServiceLayerTest.setUp(ServiceLayerTest.java:42)
Caused by: java.sql.SQLIntegrityConstraintViolationException: Cannot delete or update a parent row: a foreign key constraint fails (`guessthenumberdbtest`.`round`, CONSTRAINT `round_ibfk_1` FOREIGN KEY (`game_id`) REFERENCES `game` (`game_Id`))
	at com.sg.guessthenumber.service.ServiceLayerTest.setUp(ServiceLayerTest.java:42)
</error>
  </testcase>
</testsuite>